<?xml version="1.0" encoding="UTF-8"?>
<testsuite xmlns:xsi="http://www.w3.org/2001/XMLSchema-instance" xsi:noNamespaceSchemaLocation="https://maven.apache.org/surefire/maven-surefire-plugin/xsd/surefire-test-report-3.0.xsd" version="3.0" name="TestSuite" time="34.997" tests="6" errors="0" skipped="0" failures="3">
  <properties>
[...]
</properties>
  <testcase name="runScenario[&quot;Success Login&quot;, &quot;Login feature&quot;](1)" classname="runner.TestRunner" time="5.661">
    <system-out><![CDATA[
Scenario Outline: Success Login                        &amp#27;[90m# src/test/resources/features/login.feature:11&amp#27;[0m
  &amp#27;[32mGiven &amp#27;[0m&amp#27;[32mI have to navigate to login page&amp#27;[0m               &amp#27;[90m# steps_defs.CommonStepsDefs.navigateToLoginPage()&amp#27;[0m
  &amp#27;[32mWhen &amp#27;[0m&amp#27;[32mI login with &amp#27;[0m&amp#27;[32m&amp#27;[1m"standard_user"&amp#27;[0m&amp#27;[32m and &amp#27;[0m&amp#27;[32m&amp#27;[1m"secret_sauce"&amp#27;[0m &amp#27;[90m# steps_defs.CommonStepsDefs.autorize(java.lang.String,java.lang.String)&amp#27;[0m
  &amp#27;[32mThen &amp#27;[0m&amp#27;[32mI am successfully logged in&amp#27;[0m                     &amp#27;[90m# steps_defs.CommonStepsDefs.checkSuccessLogin()&amp#27;[0m
]]></system-out>
    <system-err><![CDATA[Starting ChromeDriver 102.0.5005.27 (df4a85108ffad4dca2c409c52f24df7ec0204b91-refs/branch-heads/5005_22@{#4}) on port 64382
Only local connections are allowed.
Please see https://chromedriver.chromium.org/security-considerations for suggestions on keeping ChromeDriver safe.
ChromeDriver was started successfully.
[1657647682.316][WARNING]: This version of ChromeDriver has not been tested with Chrome version 103.
j?l. 12, 2022 8:41:23 P?CPUSDIEN? org.openqa.selenium.remote.ProtocolHandshake createSession
INFO: Detected upstream dialect: W3C
j?l. 12, 2022 8:41:23 P?CPUSDIEN? org.openqa.selenium.devtools.CdpVersionFinder findNearestMatch
WARNING: Unable to find an exact match for CDP version 103, so returning the closest version found: 102
j?l. 12, 2022 8:41:23 P?CPUSDIEN? org.openqa.selenium.devtools.CdpVersionFinder findNearestMatch
INFO: Found CDP implementation for version 103 of 102
]]></system-err>
  </testcase>
  <testcase name="runScenario[&quot;Success Login&quot;, &quot;Login feature&quot;](2)" classname="runner.TestRunner" time="3.904">
    <system-out><![CDATA[
Scenario Outline: Success Login                       &amp#27;[90m# src/test/resources/features/login.feature:12&amp#27;[0m
  &amp#27;[32mGiven &amp#27;[0m&amp#27;[32mI have to navigate to login page&amp#27;[0m              &amp#27;[90m# steps_defs.CommonStepsDefs.navigateToLoginPage()&amp#27;[0m
  &amp#27;[32mWhen &amp#27;[0m&amp#27;[32mI login with &amp#27;[0m&amp#27;[32m&amp#27;[1m"problem_user"&amp#27;[0m&amp#27;[32m and &amp#27;[0m&amp#27;[32m&amp#27;[1m"secret_sauce"&amp#27;[0m &amp#27;[90m# steps_defs.CommonStepsDefs.autorize(java.lang.String,java.lang.String)&amp#27;[0m
  &amp#27;[32mThen &amp#27;[0m&amp#27;[32mI am successfully logged in&amp#27;[0m                    &amp#27;[90m# steps_defs.CommonStepsDefs.checkSuccessLogin()&amp#27;[0m
]]></system-out>
    <system-err><![CDATA[j?l. 12, 2022 8:41:25 P?CPUSDIEN? org.openqa.selenium.remote.http.WebSocket$Listener onError
WARNING: Connection reset
java.net.SocketException: Connection reset
	at java.base/sun.nio.ch.SocketChannelImpl.throwConnectionReset(SocketChannelImpl.java:394)
	at java.base/sun.nio.ch.SocketChannelImpl.read(SocketChannelImpl.java:426)
	at io.netty.buffer.PooledByteBuf.setBytes(PooledByteBuf.java:258)
	at io.netty.buffer.AbstractByteBuf.writeBytes(AbstractByteBuf.java:1132)
	at io.netty.channel.socket.nio.NioSocketChannel.doReadBytes(NioSocketChannel.java:357)
	at io.netty.channel.nio.AbstractNioByteChannel$NioByteUnsafe.read(AbstractNioByteChannel.java:151)
	at io.netty.channel.nio.NioEventLoop.processSelectedKey(NioEventLoop.java:722)
	at io.netty.channel.nio.NioEventLoop.processSelectedKeysOptimized(NioEventLoop.java:658)
	at io.netty.channel.nio.NioEventLoop.processSelectedKeys(NioEventLoop.java:584)
	at io.netty.channel.nio.NioEventLoop.run(NioEventLoop.java:496)
	at io.netty.util.concurrent.SingleThreadEventExecutor$4.run(SingleThreadEventExecutor.java:995)
	at io.netty.util.internal.ThreadExecutorMap$2.run(ThreadExecutorMap.java:74)
	at io.netty.util.concurrent.FastThreadLocalRunnable.run(FastThreadLocalRunnable.java:30)
	at java.base/java.lang.Thread.run(Thread.java:833)

Starting ChromeDriver 102.0.5005.27 (df4a85108ffad4dca2c409c52f24df7ec0204b91-refs/branch-heads/5005_22@{#4}) on port 54238
Only local connections are allowed.
Please see https://chromedriver.chromium.org/security-considerations for suggestions on keeping ChromeDriver safe.
ChromeDriver was started successfully.
[1657647687.257][WARNING]: This version of ChromeDriver has not been tested with Chrome version 103.
j?l. 12, 2022 8:41:27 P?CPUSDIEN? org.openqa.selenium.remote.ProtocolHandshake createSession
INFO: Detected upstream dialect: W3C
j?l. 12, 2022 8:41:27 P?CPUSDIEN? org.openqa.selenium.devtools.CdpVersionFinder findNearestMatch
WARNING: Unable to find an exact match for CDP version 103, so returning the closest version found: 102
j?l. 12, 2022 8:41:27 P?CPUSDIEN? org.openqa.selenium.devtools.CdpVersionFinder findNearestMatch
INFO: Found CDP implementation for version 103 of 102
]]></system-err>
  </testcase>
  <testcase name="runScenario[&quot;Success Login&quot;, &quot;Login feature&quot;](3)" classname="runner.TestRunner" time="8.51">
    <system-out><![CDATA[
Scenario Outline: Success Login                                  &amp#27;[90m# src/test/resources/features/login.feature:13&amp#27;[0m
  &amp#27;[32mGiven &amp#27;[0m&amp#27;[32mI have to navigate to login page&amp#27;[0m                         &amp#27;[90m# steps_defs.CommonStepsDefs.navigateToLoginPage()&amp#27;[0m
  &amp#27;[32mWhen &amp#27;[0m&amp#27;[32mI login with &amp#27;[0m&amp#27;[32m&amp#27;[1m"performance_glitch_user"&amp#27;[0m&amp#27;[32m and &amp#27;[0m&amp#27;[32m&amp#27;[1m"secret_sauce"&amp#27;[0m &amp#27;[90m# steps_defs.CommonStepsDefs.autorize(java.lang.String,java.lang.String)&amp#27;[0m
  &amp#27;[32mThen &amp#27;[0m&amp#27;[32mI am successfully logged in&amp#27;[0m                               &amp#27;[90m# steps_defs.CommonStepsDefs.checkSuccessLogin()&amp#27;[0m
]]></system-out>
    <system-err><![CDATA[j?l. 12, 2022 8:41:29 P?CPUSDIEN? org.openqa.selenium.remote.http.WebSocket$Listener onError
WARNING: Connection reset
java.net.SocketException: Connection reset
	at java.base/sun.nio.ch.SocketChannelImpl.throwConnectionReset(SocketChannelImpl.java:394)
	at java.base/sun.nio.ch.SocketChannelImpl.read(SocketChannelImpl.java:426)
	at io.netty.buffer.PooledByteBuf.setBytes(PooledByteBuf.java:258)
	at io.netty.buffer.AbstractByteBuf.writeBytes(AbstractByteBuf.java:1132)
	at io.netty.channel.socket.nio.NioSocketChannel.doReadBytes(NioSocketChannel.java:357)
	at io.netty.channel.nio.AbstractNioByteChannel$NioByteUnsafe.read(AbstractNioByteChannel.java:151)
	at io.netty.channel.nio.NioEventLoop.processSelectedKey(NioEventLoop.java:722)
	at io.netty.channel.nio.NioEventLoop.processSelectedKeysOptimized(NioEventLoop.java:658)
	at io.netty.channel.nio.NioEventLoop.processSelectedKeys(NioEventLoop.java:584)
	at io.netty.channel.nio.NioEventLoop.run(NioEventLoop.java:496)
	at io.netty.util.concurrent.SingleThreadEventExecutor$4.run(SingleThreadEventExecutor.java:995)
	at io.netty.util.internal.ThreadExecutorMap$2.run(ThreadExecutorMap.java:74)
	at io.netty.util.concurrent.FastThreadLocalRunnable.run(FastThreadLocalRunnable.java:30)
	at java.base/java.lang.Thread.run(Thread.java:833)

Starting ChromeDriver 102.0.5005.27 (df4a85108ffad4dca2c409c52f24df7ec0204b91-refs/branch-heads/5005_22@{#4}) on port 52428
Only local connections are allowed.
Please see https://chromedriver.chromium.org/security-considerations for suggestions on keeping ChromeDriver safe.
ChromeDriver was started successfully.
[1657647691.564][WARNING]: This version of ChromeDriver has not been tested with Chrome version 103.
j?l. 12, 2022 8:41:32 P?CPUSDIEN? org.openqa.selenium.remote.ProtocolHandshake createSession
INFO: Detected upstream dialect: W3C
j?l. 12, 2022 8:41:32 P?CPUSDIEN? org.openqa.selenium.devtools.CdpVersionFinder findNearestMatch
WARNING: Unable to find an exact match for CDP version 103, so returning the closest version found: 102
j?l. 12, 2022 8:41:32 P?CPUSDIEN? org.openqa.selenium.devtools.CdpVersionFinder findNearestMatch
INFO: Found CDP implementation for version 103 of 102
]]></system-err>
  </testcase>
  <testcase name="runScenario[&quot;Scenario: Error login - no username&quot;, &quot;Login feature&quot;](4)" classname="runner.TestRunner" time="3.289">
    <failure message="expected [true] but found [false]" type="java.lang.AssertionError"><![CDATA[java.lang.AssertionError: expected [true] but found [false]
	at org.testng.Assert.fail(Assert.java:110)
	at org.testng.Assert.failNotEquals(Assert.java:1413)
	at org.testng.Assert.assertTrue(Assert.java:56)
	at org.testng.Assert.assertTrue(Assert.java:66)
	at steps_defs.CommonStepsDefs.checkErrorMessage(CommonStepsDefs.java:33)
	at ✽.Then I see login error message 'Epic sadface: Username is required’(file:///C:/Users/janis/IdeaProjects/qa_automation_jm/src/test/resources/features/login.feature:18)
]]></failure>
    <system-out><![CDATA[
Scenario Outline: Scenario: Error login - no username                      &amp#27;[90m# src/test/resources/features/login.feature:21&amp#27;[0m
  &amp#27;[32mGiven &amp#27;[0m&amp#27;[32mI have to navigate to login page&amp#27;[0m                                   &amp#27;[90m# steps_defs.CommonStepsDefs.navigateToLoginPage()&amp#27;[0m
  &amp#27;[32mWhen &amp#27;[0m&amp#27;[32mI login with &amp#27;[0m&amp#27;[32m&amp#27;[1m""&amp#27;[0m&amp#27;[32m and &amp#27;[0m&amp#27;[32m&amp#27;[1m"secret_sauce"&amp#27;[0m                                  &amp#27;[90m# steps_defs.CommonStepsDefs.autorize(java.lang.String,java.lang.String)&amp#27;[0m
  &amp#27;[31mThen &amp#27;[0m&amp#27;[31mThen I see login error message 'Epic sadface: Username is requiredâ€™&amp#27;[0m &amp#27;[90m# steps_defs.CommonStepsDefs.checkErrorMessage()&amp#27;[0m
      &amp#27;[31mjava.lang.AssertionError: expected [true] but found [false]
	at org.testng.Assert.fail(Assert.java:110)
	at org.testng.Assert.failNotEquals(Assert.java:1413)
	at org.testng.Assert.assertTrue(Assert.java:56)
	at org.testng.Assert.assertTrue(Assert.java:66)
	at steps_defs.CommonStepsDefs.checkErrorMessage(CommonStepsDefs.java:33)
	at âœ½.Then I see login error message 'Epic sadface: Username is requiredâ€™(file:///C:/Users/janis/IdeaProjects/qa_automation_jm/src/test/resources/features/login.feature:18)
&amp#27;[0m
]]></system-out>
    <system-err><![CDATA[j?l. 12, 2022 8:41:38 P?CPUSDIEN? org.openqa.selenium.remote.http.WebSocket$Listener onError
WARNING: Connection reset
java.net.SocketException: Connection reset
	at java.base/sun.nio.ch.SocketChannelImpl.throwConnectionReset(SocketChannelImpl.java:394)
	at java.base/sun.nio.ch.SocketChannelImpl.read(SocketChannelImpl.java:426)
	at io.netty.buffer.PooledByteBuf.setBytes(PooledByteBuf.java:258)
	at io.netty.buffer.AbstractByteBuf.writeBytes(AbstractByteBuf.java:1132)
	at io.netty.channel.socket.nio.NioSocketChannel.doReadBytes(NioSocketChannel.java:357)
	at io.netty.channel.nio.AbstractNioByteChannel$NioByteUnsafe.read(AbstractNioByteChannel.java:151)
	at io.netty.channel.nio.NioEventLoop.processSelectedKey(NioEventLoop.java:722)
	at io.netty.channel.nio.NioEventLoop.processSelectedKeysOptimized(NioEventLoop.java:658)
	at io.netty.channel.nio.NioEventLoop.processSelectedKeys(NioEventLoop.java:584)
	at io.netty.channel.nio.NioEventLoop.run(NioEventLoop.java:496)
	at io.netty.util.concurrent.SingleThreadEventExecutor$4.run(SingleThreadEventExecutor.java:995)
	at io.netty.util.internal.ThreadExecutorMap$2.run(ThreadExecutorMap.java:74)
	at io.netty.util.concurrent.FastThreadLocalRunnable.run(FastThreadLocalRunnable.java:30)
	at java.base/java.lang.Thread.run(Thread.java:833)

Starting ChromeDriver 102.0.5005.27 (df4a85108ffad4dca2c409c52f24df7ec0204b91-refs/branch-heads/5005_22@{#4}) on port 49938
Only local connections are allowed.
Please see https://chromedriver.chromium.org/security-considerations for suggestions on keeping ChromeDriver safe.
ChromeDriver was started successfully.
[1657647700.655][WARNING]: This version of ChromeDriver has not been tested with Chrome version 103.
j?l. 12, 2022 8:41:41 P?CPUSDIEN? org.openqa.selenium.remote.ProtocolHandshake createSession
INFO: Detected upstream dialect: W3C
j?l. 12, 2022 8:41:41 P?CPUSDIEN? org.openqa.selenium.devtools.CdpVersionFinder findNearestMatch
WARNING: Unable to find an exact match for CDP version 103, so returning the closest version found: 102
j?l. 12, 2022 8:41:41 P?CPUSDIEN? org.openqa.selenium.devtools.CdpVersionFinder findNearestMatch
INFO: Found CDP implementation for version 103 of 102
]]></system-err>
  </testcase>
  <testcase name="runScenario[&quot;Scenario: Error login - no username&quot;, &quot;Login feature&quot;](5)" classname="runner.TestRunner" time="3.029">
    <failure message="expected [true] but found [false]" type="java.lang.AssertionError"><![CDATA[java.lang.AssertionError: expected [true] but found [false]
	at org.testng.Assert.fail(Assert.java:110)
	at org.testng.Assert.failNotEquals(Assert.java:1413)
	at org.testng.Assert.assertTrue(Assert.java:56)
	at org.testng.Assert.assertTrue(Assert.java:66)
	at steps_defs.CommonStepsDefs.checkErrorMessage(CommonStepsDefs.java:33)
	at ✽.Then I see login error message 'Epic sadface: Username is required’(file:///C:/Users/janis/IdeaProjects/qa_automation_jm/src/test/resources/features/login.feature:18)
]]></failure>
    <system-out><![CDATA[
Scenario Outline: Scenario: Error login - no username                      &amp#27;[90m# src/test/resources/features/login.feature:22&amp#27;[0m
  &amp#27;[32mGiven &amp#27;[0m&amp#27;[32mI have to navigate to login page&amp#27;[0m                                   &amp#27;[90m# steps_defs.CommonStepsDefs.navigateToLoginPage()&amp#27;[0m
  &amp#27;[32mWhen &amp#27;[0m&amp#27;[32mI login with &amp#27;[0m&amp#27;[32m&amp#27;[1m""&amp#27;[0m&amp#27;[32m and &amp#27;[0m&amp#27;[32m&amp#27;[1m"secret_sauce"&amp#27;[0m                                  &amp#27;[90m# steps_defs.CommonStepsDefs.autorize(java.lang.String,java.lang.String)&amp#27;[0m
  &amp#27;[31mThen &amp#27;[0m&amp#27;[31mThen I see login error message 'Epic sadface: Username is requiredâ€™&amp#27;[0m &amp#27;[90m# steps_defs.CommonStepsDefs.checkErrorMessage()&amp#27;[0m
      &amp#27;[31mjava.lang.AssertionError: expected [true] but found [false]
	at org.testng.Assert.fail(Assert.java:110)
	at org.testng.Assert.failNotEquals(Assert.java:1413)
	at org.testng.Assert.assertTrue(Assert.java:56)
	at org.testng.Assert.assertTrue(Assert.java:66)
	at steps_defs.CommonStepsDefs.checkErrorMessage(CommonStepsDefs.java:33)
	at âœ½.Then I see login error message 'Epic sadface: Username is requiredâ€™(file:///C:/Users/janis/IdeaProjects/qa_automation_jm/src/test/resources/features/login.feature:18)
&amp#27;[0m
]]></system-out>
    <system-err><![CDATA[j?l. 12, 2022 8:41:42 P?CPUSDIEN? org.openqa.selenium.remote.http.WebSocket$Listener onError
WARNING: Connection reset
java.net.SocketException: Connection reset
	at java.base/sun.nio.ch.SocketChannelImpl.throwConnectionReset(SocketChannelImpl.java:394)
	at java.base/sun.nio.ch.SocketChannelImpl.read(SocketChannelImpl.java:426)
	at io.netty.buffer.PooledByteBuf.setBytes(PooledByteBuf.java:258)
	at io.netty.buffer.AbstractByteBuf.writeBytes(AbstractByteBuf.java:1132)
	at io.netty.channel.socket.nio.NioSocketChannel.doReadBytes(NioSocketChannel.java:357)
	at io.netty.channel.nio.AbstractNioByteChannel$NioByteUnsafe.read(AbstractNioByteChannel.java:151)
	at io.netty.channel.nio.NioEventLoop.processSelectedKey(NioEventLoop.java:722)
	at io.netty.channel.nio.NioEventLoop.processSelectedKeysOptimized(NioEventLoop.java:658)
	at io.netty.channel.nio.NioEventLoop.processSelectedKeys(NioEventLoop.java:584)
	at io.netty.channel.nio.NioEventLoop.run(NioEventLoop.java:496)
	at io.netty.util.concurrent.SingleThreadEventExecutor$4.run(SingleThreadEventExecutor.java:995)
	at io.netty.util.internal.ThreadExecutorMap$2.run(ThreadExecutorMap.java:74)
	at io.netty.util.concurrent.FastThreadLocalRunnable.run(FastThreadLocalRunnable.java:30)
	at java.base/java.lang.Thread.run(Thread.java:833)

Starting ChromeDriver 102.0.5005.27 (df4a85108ffad4dca2c409c52f24df7ec0204b91-refs/branch-heads/5005_22@{#4}) on port 55849
Only local connections are allowed.
Please see https://chromedriver.chromium.org/security-considerations for suggestions on keeping ChromeDriver safe.
ChromeDriver was started successfully.
[1657647704.296][WARNING]: This version of ChromeDriver has not been tested with Chrome version 103.
j?l. 12, 2022 8:41:44 P?CPUSDIEN? org.openqa.selenium.remote.ProtocolHandshake createSession
INFO: Detected upstream dialect: W3C
j?l. 12, 2022 8:41:44 P?CPUSDIEN? org.openqa.selenium.devtools.CdpVersionFinder findNearestMatch
WARNING: Unable to find an exact match for CDP version 103, so returning the closest version found: 102
j?l. 12, 2022 8:41:44 P?CPUSDIEN? org.openqa.selenium.devtools.CdpVersionFinder findNearestMatch
INFO: Found CDP implementation for version 103 of 102
]]></system-err>
  </testcase>
  <testcase name="runScenario[&quot;Scenario: Error login - no username&quot;, &quot;Login feature&quot;](6)" classname="runner.TestRunner" time="3.075">
    <failure message="expected [true] but found [false]" type="java.lang.AssertionError"><![CDATA[java.lang.AssertionError: expected [true] but found [false]
	at org.testng.Assert.fail(Assert.java:110)
	at org.testng.Assert.failNotEquals(Assert.java:1413)
	at org.testng.Assert.assertTrue(Assert.java:56)
	at org.testng.Assert.assertTrue(Assert.java:66)
	at steps_defs.CommonStepsDefs.checkErrorMessage(CommonStepsDefs.java:33)
	at ✽.Then I see login error message 'Epic sadface: Username is required’(file:///C:/Users/janis/IdeaProjects/qa_automation_jm/src/test/resources/features/login.feature:18)
]]></failure>
    <system-out><![CDATA[
Scenario Outline: Scenario: Error login - no username                      &amp#27;[90m# src/test/resources/features/login.feature:23&amp#27;[0m
  &amp#27;[32mGiven &amp#27;[0m&amp#27;[32mI have to navigate to login page&amp#27;[0m                                   &amp#27;[90m# steps_defs.CommonStepsDefs.navigateToLoginPage()&amp#27;[0m
  &amp#27;[32mWhen &amp#27;[0m&amp#27;[32mI login with &amp#27;[0m&amp#27;[32m&amp#27;[1m""&amp#27;[0m&amp#27;[32m and &amp#27;[0m&amp#27;[32m&amp#27;[1m"secret_sauce"&amp#27;[0m                                  &amp#27;[90m# steps_defs.CommonStepsDefs.autorize(java.lang.String,java.lang.String)&amp#27;[0m
  &amp#27;[31mThen &amp#27;[0m&amp#27;[31mThen I see login error message 'Epic sadface: Username is requiredâ€™&amp#27;[0m &amp#27;[90m# steps_defs.CommonStepsDefs.checkErrorMessage()&amp#27;[0m
      &amp#27;[31mjava.lang.AssertionError: expected [true] but found [false]
	at org.testng.Assert.fail(Assert.java:110)
	at org.testng.Assert.failNotEquals(Assert.java:1413)
	at org.testng.Assert.assertTrue(Assert.java:56)
	at org.testng.Assert.assertTrue(Assert.java:66)
	at steps_defs.CommonStepsDefs.checkErrorMessage(CommonStepsDefs.java:33)
	at âœ½.Then I see login error message 'Epic sadface: Username is requiredâ€™(file:///C:/Users/janis/IdeaProjects/qa_automation_jm/src/test/resources/features/login.feature:18)
&amp#27;[0m
]]></system-out>
    <system-err><![CDATA[j?l. 12, 2022 8:41:46 P?CPUSDIEN? org.openqa.selenium.remote.http.WebSocket$Listener onError
WARNING: Connection reset
java.net.SocketException: Connection reset
	at java.base/sun.nio.ch.SocketChannelImpl.throwConnectionReset(SocketChannelImpl.java:394)
	at java.base/sun.nio.ch.SocketChannelImpl.read(SocketChannelImpl.java:426)
	at io.netty.buffer.PooledByteBuf.setBytes(PooledByteBuf.java:258)
	at io.netty.buffer.AbstractByteBuf.writeBytes(AbstractByteBuf.java:1132)
	at io.netty.channel.socket.nio.NioSocketChannel.doReadBytes(NioSocketChannel.java:357)
	at io.netty.channel.nio.AbstractNioByteChannel$NioByteUnsafe.read(AbstractNioByteChannel.java:151)
	at io.netty.channel.nio.NioEventLoop.processSelectedKey(NioEventLoop.java:722)
	at io.netty.channel.nio.NioEventLoop.processSelectedKeysOptimized(NioEventLoop.java:658)
	at io.netty.channel.nio.NioEventLoop.processSelectedKeys(NioEventLoop.java:584)
	at io.netty.channel.nio.NioEventLoop.run(NioEventLoop.java:496)
	at io.netty.util.concurrent.SingleThreadEventExecutor$4.run(SingleThreadEventExecutor.java:995)
	at io.netty.util.internal.ThreadExecutorMap$2.run(ThreadExecutorMap.java:74)
	at io.netty.util.concurrent.FastThreadLocalRunnable.run(FastThreadLocalRunnable.java:30)
	at java.base/java.lang.Thread.run(Thread.java:833)

Starting ChromeDriver 102.0.5005.27 (df4a85108ffad4dca2c409c52f24df7ec0204b91-refs/branch-heads/5005_22@{#4}) on port 65420
Only local connections are allowed.
Please see https://chromedriver.chromium.org/security-considerations for suggestions on keeping ChromeDriver safe.
ChromeDriver was started successfully.
[1657647707.760][WARNING]: This version of ChromeDriver has not been tested with Chrome version 103.
j?l. 12, 2022 8:41:48 P?CPUSDIEN? org.openqa.selenium.remote.ProtocolHandshake createSession
INFO: Detected upstream dialect: W3C
j?l. 12, 2022 8:41:48 P?CPUSDIEN? org.openqa.selenium.devtools.CdpVersionFinder findNearestMatch
WARNING: Unable to find an exact match for CDP version 103, so returning the closest version found: 102
j?l. 12, 2022 8:41:48 P?CPUSDIEN? org.openqa.selenium.devtools.CdpVersionFinder findNearestMatch
INFO: Found CDP implementation for version 103 of 102
]]></system-err>
  </testcase>
</testsuite>